<?xml version="1.0" encoding="UTF-8"?>
<!-- Generated by org.testng.reporters.JUnitReportReporter -->
<testsuite name="com.flipkart.qa.testCases.LoginPageTest" tests="3" time="2.379" ignored="0" failures="0" timestamp="24 Oct 2019 13:29:58 GMT" skipped="0" hostname="IITC-WS-QA25" errors="0">
  <testcase name="flipkartLogoImageTest" time="0.059" classname="com.flipkart.qa.testCases.LoginPageTest"/>
  <testcase name="loginPageTitleTest" time="0.013" classname="com.flipkart.qa.testCases.LoginPageTest"/>
  <testcase name="loginTest" time="2.307" classname="com.flipkart.qa.testCases.LoginPageTest"/>
</testsuite> <!-- com.flipkart.qa.testCases.LoginPageTest -->
