<?xml version="1.0" encoding="UTF-8"?>
<!-- Generated by org.testng.reporters.JUnitReportReporter -->
<testsuite name="com.flipkart.qa.testCases.HomePageTest" tests="4" time="5.482" ignored="0" failures="0" timestamp="24 Oct 2019 13:29:58 GMT" skipped="0" hostname="IITC-WS-QA25" errors="0">
  <testcase name="accountUserNameTest" time="1.079" classname="com.flipkart.qa.testCases.HomePageTest"/>
  <testcase name="sendSearchItemTest" time="1.194" classname="com.flipkart.qa.testCases.HomePageTest"/>
  <testcase name="searchClickTest" time="2.127" classname="com.flipkart.qa.testCases.HomePageTest"/>
  <testcase name="clickSearchItemTest" time="1.082" classname="com.flipkart.qa.testCases.HomePageTest"/>
</testsuite> <!-- com.flipkart.qa.testCases.HomePageTest -->
