<?xml version="1.0" encoding="UTF-8"?>
<!-- Generated by org.testng.reporters.JUnitReportReporter -->
<testsuite name="com.flipkart.qa.testCases.LoginPageTest" tests="3" time="2.374" ignored="0" failures="0" timestamp="11 Nov 2019 13:07:42 GMT" skipped="0" hostname="IITC-WS-QA25" errors="0">
  <testcase name="flipkartLogoImageTest" time="0.061" classname="com.flipkart.qa.testCases.LoginPageTest"/>
  <testcase name="loginPageTitleTest" time="0.014" classname="com.flipkart.qa.testCases.LoginPageTest"/>
  <testcase name="loginTest" time="2.299" classname="com.flipkart.qa.testCases.LoginPageTest"/>
</testsuite> <!-- com.flipkart.qa.testCases.LoginPageTest -->
