<?xml version="1.0" encoding="UTF-8"?>
<!-- Generated by org.testng.reporters.JUnitReportReporter -->
<testsuite name="com.flipkart.qa.testCases.PhoneSearchResultPageTest" tests="3" time="10.306" ignored="0" failures="0" timestamp="24 Oct 2019 13:29:58 GMT" skipped="0" hostname="IITC-WS-QA25" errors="0">
  <testcase name="phoneSearchPageTitleTest" time="2.034" classname="com.flipkart.qa.testCases.PhoneSearchResultPageTest"/>
  <testcase name="clickOnPhoneTest" time="6.195" classname="com.flipkart.qa.testCases.PhoneSearchResultPageTest"/>
  <testcase name="verifyCorrectSearchTest" time="2.077" classname="com.flipkart.qa.testCases.PhoneSearchResultPageTest"/>
</testsuite> <!-- com.flipkart.qa.testCases.PhoneSearchResultPageTest -->
