<?xml version="1.0" encoding="UTF-8"?>
<!-- Generated by org.testng.reporters.JUnitReportReporter -->
<testsuite name="com.flipkart.qa.testCases.HomePageTest" tests="3" time="4.372" ignored="0" failures="0" timestamp="11 Nov 2019 13:07:42 GMT" skipped="0" hostname="IITC-WS-QA25" errors="0">
  <testcase name="accountUserNameTest" time="1.084" classname="com.flipkart.qa.testCases.HomePageTest"/>
  <testcase name="searchClickTest" time="2.106" classname="com.flipkart.qa.testCases.HomePageTest"/>
  <testcase name="mobileSearchItemTest" time="1.182" classname="com.flipkart.qa.testCases.HomePageTest"/>
</testsuite> <!-- com.flipkart.qa.testCases.HomePageTest -->
