<?xml version="1.0" encoding="UTF-8"?>
<!-- Generated by org.testng.reporters.JUnitReportReporter -->
<testsuite name="com.flipkart.qa.testCases.CheckoutPageTest" tests="3" time="13.589" ignored="0" failures="0" timestamp="11 Nov 2019 13:07:42 GMT" skipped="0" hostname="IITC-WS-QA25" errors="0">
  <testcase name="continueClick" time="9.462" classname="com.flipkart.qa.testCases.CheckoutPageTest"/>
  <testcase name="deliverHereClick" time="2.112" classname="com.flipkart.qa.testCases.CheckoutPageTest"/>
  <testcase name="checkoutPageTitleTest" time="2.015" classname="com.flipkart.qa.testCases.CheckoutPageTest"/>
</testsuite> <!-- com.flipkart.qa.testCases.CheckoutPageTest -->
