<?xml version="1.0" encoding="UTF-8"?>
<!-- Generated by org.testng.reporters.JUnitReportReporter -->
<testsuite name="com.flipkart.qa.testCases.PhoneSearchResultPageTest" tests="3" time="10.169" ignored="0" failures="0" timestamp="11 Nov 2019 13:07:42 GMT" skipped="0" hostname="IITC-WS-QA25" errors="0">
  <testcase name="clickOnPhoneTest" time="6.114" classname="com.flipkart.qa.testCases.PhoneSearchResultPageTest"/>
  <testcase name="phoneSearchPageTitleTest" time="2.013" classname="com.flipkart.qa.testCases.PhoneSearchResultPageTest"/>
  <testcase name="verifyCorrectSearchTest" time="2.042" classname="com.flipkart.qa.testCases.PhoneSearchResultPageTest"/>
</testsuite> <!-- com.flipkart.qa.testCases.PhoneSearchResultPageTest -->
