<?xml version="1.0" encoding="UTF-8"?>
<!-- Generated by org.testng.reporters.JUnitReportReporter -->
<testsuite name="com.flipkart.qa.testCases.CheckoutPageTest" tests="3" time="13.062" ignored="0" failures="0" timestamp="24 Oct 2019 13:29:58 GMT" skipped="0" hostname="IITC-WS-QA25" errors="0">
  <testcase name="continueClick" time="8.912" classname="com.flipkart.qa.testCases.CheckoutPageTest"/>
  <testcase name="checkoutPageTitleTest" time="2.010" classname="com.flipkart.qa.testCases.CheckoutPageTest"/>
  <testcase name="deliverHereClick" time="2.140" classname="com.flipkart.qa.testCases.CheckoutPageTest"/>
</testsuite> <!-- com.flipkart.qa.testCases.CheckoutPageTest -->
