<?xml version="1.0" encoding="UTF-8"?>
<!-- Generated by org.testng.reporters.JUnitReportReporter -->
<testsuite name="com.flipkart.qa.testCases.PhoneBuyPageTest" tests="3" time="2.148" ignored="0" failures="0" timestamp="24 Oct 2019 13:29:58 GMT" skipped="0" hostname="IITC-WS-QA25" errors="0">
  <testcase name="buyNowButtonEnabledTest" time="0.029" classname="com.flipkart.qa.testCases.PhoneBuyPageTest"/>
  <testcase name="buyNowButtonClick" time="2.108" classname="com.flipkart.qa.testCases.PhoneBuyPageTest"/>
  <testcase name="buyPageTitleTest" time="0.011" classname="com.flipkart.qa.testCases.PhoneBuyPageTest"/>
</testsuite> <!-- com.flipkart.qa.testCases.PhoneBuyPageTest -->
