<?xml version="1.0" encoding="UTF-8"?>
<!-- Generated by org.testng.reporters.JUnitReportReporter -->
<testsuite name="com.flipkart.qa.testCases.PhoneBuyPageTest" tests="3" time="18.903" ignored="0" failures="0" timestamp="11 Nov 2019 13:07:42 GMT" skipped="0" hostname="IITC-WS-QA25" errors="0">
  <testcase name="buyNowButtonClick" time="2.072" classname="com.flipkart.qa.testCases.PhoneBuyPageTest"/>
  <testcase name="buyPageTitleTest" time="16.796" classname="com.flipkart.qa.testCases.PhoneBuyPageTest"/>
  <testcase name="buyNowButtonEnabledTest" time="0.035" classname="com.flipkart.qa.testCases.PhoneBuyPageTest"/>
</testsuite> <!-- com.flipkart.qa.testCases.PhoneBuyPageTest -->
